<?xml version="1.0" encoding="UTF-8"?>
<testng-results skipped="0" failed="0" total="2" passed="2">
  <reporter-output>
  </reporter-output>
  <suite name="Default suite" duration-ms="37" started-at="2019-09-08T09:51:29Z" finished-at="2019-09-08T09:51:29Z">
    <groups>
    </groups>
    <test name="Default test" duration-ms="37" started-at="2019-09-08T09:51:29Z" finished-at="2019-09-08T09:51:29Z">
      <class name="qaclickacademy.com.Appiumtest">
        <test-method status="PASS" signature="IOSApps()[pri:0, instance:qaclickacademy.com.Appiumtest@7c0e2abd]" name="IOSApps" duration-ms="13" started-at="2019-09-08T15:21:29Z" finished-at="2019-09-08T15:21:29Z">
          <reporter-output>
          </reporter-output>
        </test-method> <!-- IOSApps -->
        <test-method status="PASS" signature="NativeAppAndroid()[pri:0, instance:qaclickacademy.com.Appiumtest@7c0e2abd]" name="NativeAppAndroid" duration-ms="3" started-at="2019-09-08T15:21:29Z" finished-at="2019-09-08T15:21:29Z">
          <reporter-output>
          </reporter-output>
        </test-method> <!-- NativeAppAndroid -->
      </class> <!-- qaclickacademy.com.Appiumtest -->
    </test> <!-- Default test -->
  </suite> <!-- Default suite -->
</testng-results>
